[0.010s] Invoking command in '/home/seonghwi/rgt_ws/build/rgt_solution': CMAKE_PREFIX_PATH=/opt/ros/humble /home/seonghwi/.local/bin/cmake /home/seonghwi/rgt_ws/src/rgt_solution -DCMAKE_INSTALL_PREFIX=/home/seonghwi/rgt_ws/install/rgt_solution
[0.099s] -- Found ament_cmake: 1.3.12 (/opt/ros/humble/share/ament_cmake/cmake)
[0.316s] -- Found rclcpp: 16.0.14 (/opt/ros/humble/share/rclcpp/cmake)
[0.356s] -- Found rosidl_generator_c: 3.1.7 (/opt/ros/humble/share/rosidl_generator_c/cmake)
[0.360s] -- Found rosidl_adapter: 3.1.7 (/opt/ros/humble/share/rosidl_adapter/cmake)
[0.367s] -- Found rosidl_generator_cpp: 3.1.7 (/opt/ros/humble/share/rosidl_generator_cpp/cmake)
[0.379s] -- Using all available rosidl_typesupport_c: rosidl_typesupport_fastrtps_c;rosidl_typesupport_introspection_c
[0.396s] -- Using all available rosidl_typesupport_cpp: rosidl_typesupport_fastrtps_cpp;rosidl_typesupport_introspection_cpp
[0.443s] -- Found rmw_implementation_cmake: 6.1.2 (/opt/ros/humble/share/rmw_implementation_cmake/cmake)
[0.445s] -- Found rmw_fastrtps_cpp: 6.2.8 (/opt/ros/humble/share/rmw_fastrtps_cpp/cmake)
[0.582s] -- Using RMW implementation 'rmw_fastrtps_cpp' as default
[0.659s] -- Found sensor_msgs: 4.9.0 (/opt/ros/humble/share/sensor_msgs/cmake)
[0.706s] [31mCMake Error at /opt/ros/humble/share/ament_cmake_target_dependencies/cmake/ament_target_dependencies.cmake:42 (message):
[0.707s]   ament_target_dependencies() the first argument must be a valid target name
[0.707s] Call Stack (most recent call first):
[0.707s]   CMakeLists.txt:36 (ament_target_dependencies)
[0.707s] 
[0.707s] [0m
[0.707s] -- Configuring incomplete, errors occurred!
[0.714s] Invoked command in '/home/seonghwi/rgt_ws/build/rgt_solution' returned '1': CMAKE_PREFIX_PATH=/opt/ros/humble /home/seonghwi/.local/bin/cmake /home/seonghwi/rgt_ws/src/rgt_solution -DCMAKE_INSTALL_PREFIX=/home/seonghwi/rgt_ws/install/rgt_solution
