[0.013s] Invoking command in '/home/seonghwi/rgt_ws/build/rgt_solution': CMAKE_PREFIX_PATH=${CMAKE_PREFIX_PATH}:/opt/ros/humble /home/seonghwi/.local/bin/cmake --build /home/seonghwi/rgt_ws/build/rgt_solution -- -j8 -l8
[0.144s] [ 50%] [0mBuilt target main_2[0m
[0.150s] [ 75%] [32mBuilding CXX object CMakeFiles/main_3.dir/src/main_3.cpp.o[0m
[4.542s] [100%] [1m[32mLinking CXX executable main_3[0m
[4.705s] [100%] [0mBuilt target main_3[0m
[4.711s] Invoked command in '/home/seonghwi/rgt_ws/build/rgt_solution' returned '0': CMAKE_PREFIX_PATH=${CMAKE_PREFIX_PATH}:/opt/ros/humble /home/seonghwi/.local/bin/cmake --build /home/seonghwi/rgt_ws/build/rgt_solution -- -j8 -l8
[4.818s] Invoking command in '/home/seonghwi/rgt_ws/build/rgt_solution': CMAKE_PREFIX_PATH=${CMAKE_PREFIX_PATH}:/opt/ros/humble /home/seonghwi/.local/bin/cmake --install /home/seonghwi/rgt_ws/build/rgt_solution
[4.930s] -- Install configuration: ""
[4.930s] -- Up-to-date: /home/seonghwi/rgt_ws/install/rgt_solution/lib/rgt_solution/main_2
[4.931s] -- Installing: /home/seonghwi/rgt_ws/install/rgt_solution/lib/rgt_solution/main_3
[4.932s] -- Set non-toolchain portion of runtime path of "/home/seonghwi/rgt_ws/install/rgt_solution/lib/rgt_solution/main_3" to ""
[4.932s] -- Up-to-date: /home/seonghwi/rgt_ws/install/rgt_solution/share/ament_index/resource_index/package_run_dependencies/rgt_solution
[4.933s] -- Up-to-date: /home/seonghwi/rgt_ws/install/rgt_solution/share/ament_index/resource_index/parent_prefix_path/rgt_solution
[4.933s] -- Up-to-date: /home/seonghwi/rgt_ws/install/rgt_solution/share/rgt_solution/environment/ament_prefix_path.sh
[4.933s] -- Up-to-date: /home/seonghwi/rgt_ws/install/rgt_solution/share/rgt_solution/environment/ament_prefix_path.dsv
[4.933s] -- Up-to-date: /home/seonghwi/rgt_ws/install/rgt_solution/share/rgt_solution/environment/path.sh
[4.933s] -- Up-to-date: /home/seonghwi/rgt_ws/install/rgt_solution/share/rgt_solution/environment/path.dsv
[4.933s] -- Up-to-date: /home/seonghwi/rgt_ws/install/rgt_solution/share/rgt_solution/local_setup.bash
[4.933s] -- Up-to-date: /home/seonghwi/rgt_ws/install/rgt_solution/share/rgt_solution/local_setup.sh
[4.933s] -- Up-to-date: /home/seonghwi/rgt_ws/install/rgt_solution/share/rgt_solution/local_setup.zsh
[4.934s] -- Up-to-date: /home/seonghwi/rgt_ws/install/rgt_solution/share/rgt_solution/local_setup.dsv
[4.934s] -- Installing: /home/seonghwi/rgt_ws/install/rgt_solution/share/rgt_solution/package.dsv
[4.934s] -- Up-to-date: /home/seonghwi/rgt_ws/install/rgt_solution/share/ament_index/resource_index/packages/rgt_solution
[4.934s] -- Up-to-date: /home/seonghwi/rgt_ws/install/rgt_solution/share/rgt_solution/cmake/rgt_solutionConfig.cmake
[4.934s] -- Up-to-date: /home/seonghwi/rgt_ws/install/rgt_solution/share/rgt_solution/cmake/rgt_solutionConfig-version.cmake
[4.934s] -- Up-to-date: /home/seonghwi/rgt_ws/install/rgt_solution/share/rgt_solution/package.xml
[4.936s] Invoked command in '/home/seonghwi/rgt_ws/build/rgt_solution' returned '0': CMAKE_PREFIX_PATH=${CMAKE_PREFIX_PATH}:/opt/ros/humble /home/seonghwi/.local/bin/cmake --install /home/seonghwi/rgt_ws/build/rgt_solution
