[0.012s] Invoking command in '/home/seonghwi/rgt_ws/build/rgt_solution': CMAKE_PREFIX_PATH=/opt/ros/humble /home/seonghwi/.local/bin/cmake /home/seonghwi/rgt_ws/src/rgt_solution -DCMAKE_INSTALL_PREFIX=/home/seonghwi/rgt_ws/install/rgt_solution
[0.213s] -- The C compiler identification is GNU 11.4.0
[0.328s] -- The CXX compiler identification is GNU 11.4.0
[0.340s] -- Detecting C compiler ABI info
[0.416s] -- Detecting C compiler ABI info - done
[0.445s] -- Check for working C compiler: /usr/bin/cc - skipped
[0.446s] -- Detecting C compile features
[0.446s] -- Detecting C compile features - done
[0.464s] -- Detecting CXX compiler ABI info
[0.556s] -- Detecting CXX compiler ABI info - done
[0.581s] -- Check for working CXX compiler: /usr/bin/c++ - skipped
[0.581s] -- Detecting CXX compile features
[0.582s] -- Detecting CXX compile features - done
[0.596s] -- Found ament_cmake: 1.3.12 (/opt/ros/humble/share/ament_cmake/cmake)
[0.768s] -- Found Python3: /usr/bin/python3 (found version "3.10.12") found components: Interpreter
[0.918s] -- Found rclcpp: 16.0.14 (/opt/ros/humble/share/rclcpp/cmake)
[1.015s] -- Found rosidl_generator_c: 3.1.7 (/opt/ros/humble/share/rosidl_generator_c/cmake)
[1.025s] -- Found rosidl_adapter: 3.1.7 (/opt/ros/humble/share/rosidl_adapter/cmake)
[1.041s] -- Found rosidl_generator_cpp: 3.1.7 (/opt/ros/humble/share/rosidl_generator_cpp/cmake)
[1.070s] -- Using all available rosidl_typesupport_c: rosidl_typesupport_fastrtps_c;rosidl_typesupport_introspection_c
[1.099s] -- Using all available rosidl_typesupport_cpp: rosidl_typesupport_fastrtps_cpp;rosidl_typesupport_introspection_cpp
[1.184s] -- Found rmw_implementation_cmake: 6.1.2 (/opt/ros/humble/share/rmw_implementation_cmake/cmake)
[1.188s] -- Found rmw_fastrtps_cpp: 6.2.8 (/opt/ros/humble/share/rmw_fastrtps_cpp/cmake)
[1.319s] -- Found OpenSSL: /usr/lib/x86_64-linux-gnu/libcrypto.so (found version "3.0.2")
[1.370s] -- Found FastRTPS: /opt/ros/humble/include
[1.439s] -- Using RMW implementation 'rmw_fastrtps_cpp' as default
[1.457s] -- Performing Test CMAKE_HAVE_LIBC_PTHREAD
[1.544s] -- Performing Test CMAKE_HAVE_LIBC_PTHREAD - Success
[1.547s] -- Found Threads: TRUE
[1.675s] -- Found sensor_msgs: 4.9.0 (/opt/ros/humble/share/sensor_msgs/cmake)
[1.748s] [31mCMake Error at CMakeLists.txt:35 (sadd_executable):
[1.748s]   Unknown CMake command "sadd_executable".
[1.749s] 
[1.749s] [0m
[1.749s] -- Configuring incomplete, errors occurred!
[1.761s] Invoked command in '/home/seonghwi/rgt_ws/build/rgt_solution' returned '1': CMAKE_PREFIX_PATH=/opt/ros/humble /home/seonghwi/.local/bin/cmake /home/seonghwi/rgt_ws/src/rgt_solution -DCMAKE_INSTALL_PREFIX=/home/seonghwi/rgt_ws/install/rgt_solution
