-- The C compiler identification is GNU 11.4.0
-- The CXX compiler identification is GNU 11.4.0
-- Detecting C compiler ABI info
-- Detecting C compiler ABI info - done
-- Check for working C compiler: /usr/bin/cc - skipped
-- Detecting C compile features
-- Detecting C compile features - done
-- Detecting CXX compiler ABI info
-- Detecting CXX compiler ABI info - done
-- Check for working CXX compiler: /usr/bin/c++ - skipped
-- Detecting CXX compile features
-- Detecting CXX compile features - done
-- Found ament_cmake: 1.3.12 (/opt/ros/humble/share/ament_cmake/cmake)
-- Found Python3: /usr/bin/python3 (found version "3.10.12") found components: Interpreter
-- Found rclcpp: 16.0.14 (/opt/ros/humble/share/rclcpp/cmake)
-- Found rosidl_generator_c: 3.1.7 (/opt/ros/humble/share/rosidl_generator_c/cmake)
-- Found rosidl_adapter: 3.1.7 (/opt/ros/humble/share/rosidl_adapter/cmake)
-- Found rosidl_generator_cpp: 3.1.7 (/opt/ros/humble/share/rosidl_generator_cpp/cmake)
-- Using all available rosidl_typesupport_c: rosidl_typesupport_fastrtps_c;rosidl_typesupport_introspection_c
-- Using all available rosidl_typesupport_cpp: rosidl_typesupport_fastrtps_cpp;rosidl_typesupport_introspection_cpp
-- Found rmw_implementation_cmake: 6.1.2 (/opt/ros/humble/share/rmw_implementation_cmake/cmake)
-- Found rmw_fastrtps_cpp: 6.2.8 (/opt/ros/humble/share/rmw_fastrtps_cpp/cmake)
-- Found OpenSSL: /usr/lib/x86_64-linux-gnu/libcrypto.so (found version "3.0.2")
-- Found FastRTPS: /opt/ros/humble/include
-- Using RMW implementation 'rmw_fastrtps_cpp' as default
-- Performing Test CMAKE_HAVE_LIBC_PTHREAD
-- Performing Test CMAKE_HAVE_LIBC_PTHREAD - Success
-- Found Threads: TRUE
-- Found sensor_msgs: 4.9.0 (/opt/ros/humble/share/sensor_msgs/cmake)
-- Found ament_lint_auto: 0.12.14 (/opt/ros/humble/share/ament_lint_auto/cmake)
-- Added test 'cppcheck' to perform static code analysis on C / C++ code
-- Configured cppcheck include dirs: /home/seonghwi/rgt_ws/src/rgt_solution/include;/home/seonghwi/rgt_ws/src/rgt_solution/rgt_solution/include/CircularBuffer;/home/seonghwi/rgt_ws/src/rgt_solution/rgt_solution/include/ParallelProcessor
-- Configured cppcheck exclude dirs and/or files: 
-- Added test 'lint_cmake' to check CMake code style
-- Added test 'uncrustify' to check C / C++ code style
-- Configured uncrustify additional arguments: 
-- Added test 'xmllint' to check XML markup files
-- Configuring done (1.3s)
-- Generating done (0.0s)
-- Build files have been written to: /home/seonghwi/rgt_ws/build/rgt_solution
[ 25%] [32mBuilding CXX object CMakeFiles/main_2.dir/src/main_2.cpp.o[0m
[ 50%] [32mBuilding CXX object CMakeFiles/main_3.dir/src/main_3.cpp.o[0m
[ 75%] [1m[32mLinking CXX executable main_3[0m
[ 75%] [0mBuilt target main_3[0m
[100%] [1m[32mLinking CXX executable main_2[0m
[100%] [0mBuilt target main_2[0m
-- Install configuration: ""
-- Installing: /home/seonghwi/rgt_ws/install/rgt_solution/lib/rgt_solution/main_2
-- Set non-toolchain portion of runtime path of "/home/seonghwi/rgt_ws/install/rgt_solution/lib/rgt_solution/main_2" to ""
-- Installing: /home/seonghwi/rgt_ws/install/rgt_solution/lib/rgt_solution/main_3
-- Set non-toolchain portion of runtime path of "/home/seonghwi/rgt_ws/install/rgt_solution/lib/rgt_solution/main_3" to ""
-- Installing: /home/seonghwi/rgt_ws/install/rgt_solution/share/ament_index/resource_index/package_run_dependencies/rgt_solution
-- Installing: /home/seonghwi/rgt_ws/install/rgt_solution/share/ament_index/resource_index/parent_prefix_path/rgt_solution
-- Installing: /home/seonghwi/rgt_ws/install/rgt_solution/share/rgt_solution/environment/ament_prefix_path.sh
-- Installing: /home/seonghwi/rgt_ws/install/rgt_solution/share/rgt_solution/environment/ament_prefix_path.dsv
-- Installing: /home/seonghwi/rgt_ws/install/rgt_solution/share/rgt_solution/environment/path.sh
-- Installing: /home/seonghwi/rgt_ws/install/rgt_solution/share/rgt_solution/environment/path.dsv
-- Installing: /home/seonghwi/rgt_ws/install/rgt_solution/share/rgt_solution/local_setup.bash
-- Installing: /home/seonghwi/rgt_ws/install/rgt_solution/share/rgt_solution/local_setup.sh
-- Installing: /home/seonghwi/rgt_ws/install/rgt_solution/share/rgt_solution/local_setup.zsh
-- Installing: /home/seonghwi/rgt_ws/install/rgt_solution/share/rgt_solution/local_setup.dsv
-- Installing: /home/seonghwi/rgt_ws/install/rgt_solution/share/rgt_solution/package.dsv
-- Installing: /home/seonghwi/rgt_ws/install/rgt_solution/share/ament_index/resource_index/packages/rgt_solution
-- Installing: /home/seonghwi/rgt_ws/install/rgt_solution/share/rgt_solution/cmake/rgt_solutionConfig.cmake
-- Installing: /home/seonghwi/rgt_ws/install/rgt_solution/share/rgt_solution/cmake/rgt_solutionConfig-version.cmake
-- Installing: /home/seonghwi/rgt_ws/install/rgt_solution/share/rgt_solution/package.xml
