[0.013s] Invoking command in '/home/seonghwi/rgt_ws/build/rgt_solution': CMAKE_PREFIX_PATH=${CMAKE_PREFIX_PATH}:/opt/ros/humble /home/seonghwi/.local/bin/cmake --build /home/seonghwi/rgt_ws/build/rgt_solution -- -j8 -l8
[0.140s] [ 50%] [0mBuilt target main_3[0m
[0.144s] [ 75%] [32mBuilding CXX object CMakeFiles/main_2.dir/src/main_2.cpp.o[0m
[10.301s] [100%] [1m[32mLinking CXX executable main_2[0m
[10.705s] [100%] [0mBuilt target main_2[0m
[10.714s] Invoked command in '/home/seonghwi/rgt_ws/build/rgt_solution' returned '0': CMAKE_PREFIX_PATH=${CMAKE_PREFIX_PATH}:/opt/ros/humble /home/seonghwi/.local/bin/cmake --build /home/seonghwi/rgt_ws/build/rgt_solution -- -j8 -l8
[10.806s] Invoking command in '/home/seonghwi/rgt_ws/build/rgt_solution': CMAKE_PREFIX_PATH=${CMAKE_PREFIX_PATH}:/opt/ros/humble /home/seonghwi/.local/bin/cmake --install /home/seonghwi/rgt_ws/build/rgt_solution
[10.905s] -- Install configuration: ""
[10.905s] -- Installing: /home/seonghwi/rgt_ws/install/rgt_solution/lib/rgt_solution/main_2
[10.909s] -- Set non-toolchain portion of runtime path of "/home/seonghwi/rgt_ws/install/rgt_solution/lib/rgt_solution/main_2" to ""
[10.909s] -- Up-to-date: /home/seonghwi/rgt_ws/install/rgt_solution/lib/rgt_solution/main_3
[10.909s] -- Up-to-date: /home/seonghwi/rgt_ws/install/rgt_solution/share/ament_index/resource_index/package_run_dependencies/rgt_solution
[10.910s] -- Up-to-date: /home/seonghwi/rgt_ws/install/rgt_solution/share/ament_index/resource_index/parent_prefix_path/rgt_solution
[10.910s] -- Up-to-date: /home/seonghwi/rgt_ws/install/rgt_solution/share/rgt_solution/environment/ament_prefix_path.sh
[10.910s] -- Up-to-date: /home/seonghwi/rgt_ws/install/rgt_solution/share/rgt_solution/environment/ament_prefix_path.dsv
[10.910s] -- Up-to-date: /home/seonghwi/rgt_ws/install/rgt_solution/share/rgt_solution/environment/path.sh
[10.910s] -- Up-to-date: /home/seonghwi/rgt_ws/install/rgt_solution/share/rgt_solution/environment/path.dsv
[10.910s] -- Up-to-date: /home/seonghwi/rgt_ws/install/rgt_solution/share/rgt_solution/local_setup.bash
[10.910s] -- Up-to-date: /home/seonghwi/rgt_ws/install/rgt_solution/share/rgt_solution/local_setup.sh
[10.911s] -- Up-to-date: /home/seonghwi/rgt_ws/install/rgt_solution/share/rgt_solution/local_setup.zsh
[10.911s] -- Up-to-date: /home/seonghwi/rgt_ws/install/rgt_solution/share/rgt_solution/local_setup.dsv
[10.911s] -- Installing: /home/seonghwi/rgt_ws/install/rgt_solution/share/rgt_solution/package.dsv
[10.911s] -- Up-to-date: /home/seonghwi/rgt_ws/install/rgt_solution/share/ament_index/resource_index/packages/rgt_solution
[10.911s] -- Up-to-date: /home/seonghwi/rgt_ws/install/rgt_solution/share/rgt_solution/cmake/rgt_solutionConfig.cmake
[10.911s] -- Up-to-date: /home/seonghwi/rgt_ws/install/rgt_solution/share/rgt_solution/cmake/rgt_solutionConfig-version.cmake
[10.911s] -- Up-to-date: /home/seonghwi/rgt_ws/install/rgt_solution/share/rgt_solution/package.xml
[10.913s] Invoked command in '/home/seonghwi/rgt_ws/build/rgt_solution' returned '0': CMAKE_PREFIX_PATH=${CMAKE_PREFIX_PATH}:/opt/ros/humble /home/seonghwi/.local/bin/cmake --install /home/seonghwi/rgt_ws/build/rgt_solution
