[0.134s] DEBUG:colcon:Command line arguments: ['/usr/bin/colcon', 'build']
[0.134s] DEBUG:colcon:Parsed command line arguments: Namespace(log_base=None, log_level=None, verb_name='build', build_base='build', install_base='install', merge_install=False, symlink_install=False, test_result_base=None, continue_on_error=False, executor='parallel', parallel_workers=8, event_handlers=None, ignore_user_meta=False, metas=['./colcon.meta'], base_paths=['.'], packages_ignore=None, packages_ignore_regex=None, paths=None, packages_up_to=None, packages_up_to_regex=None, packages_above=None, packages_above_and_dependencies=None, packages_above_depth=None, packages_select_by_dep=None, packages_skip_by_dep=None, packages_skip_up_to=None, packages_select_build_failed=False, packages_skip_build_finished=False, packages_select_test_failures=False, packages_skip_test_passed=False, packages_select=None, packages_skip=None, packages_select_regex=None, packages_skip_regex=None, packages_start=None, packages_end=None, allow_overriding=[], cmake_args=None, cmake_target=None, cmake_target_skip_unavailable=False, cmake_clean_cache=False, cmake_clean_first=False, cmake_force_configure=False, ament_cmake_args=None, catkin_cmake_args=None, catkin_skip_building_tests=False, mixin_files=None, mixin=None, verb_parser=<colcon_mixin.mixin.mixin_argument.MixinArgumentDecorator object at 0x7a29a7bd2a10>, verb_extension=<colcon_core.verb.build.BuildVerb object at 0x7a29a7bd2140>, main=<bound method BuildVerb.main of <colcon_core.verb.build.BuildVerb object at 0x7a29a7bd2140>>, mixin_verb=('build',))
[0.408s] Level 1:colcon.colcon_core.package_discovery:discover_packages(colcon_meta) check parameters
[0.408s] Level 1:colcon.colcon_core.package_discovery:discover_packages(recursive) check parameters
[0.409s] Level 1:colcon.colcon_core.package_discovery:discover_packages(ignore) check parameters
[0.409s] Level 1:colcon.colcon_core.package_discovery:discover_packages(path) check parameters
[0.409s] Level 1:colcon.colcon_core.package_discovery:discover_packages(colcon_meta) discover
[0.409s] Level 1:colcon.colcon_core.package_discovery:discover_packages(recursive) discover
[0.409s] INFO:colcon.colcon_core.package_discovery:Crawling recursively for packages in '/home/seonghwi/rgt_ws'
[0.409s] Level 1:colcon.colcon_core.package_identification:_identify(.) by extensions ['ignore', 'ignore_ament_install']
[0.409s] Level 1:colcon.colcon_core.package_identification:_identify(.) by extension 'ignore'
[0.410s] Level 1:colcon.colcon_core.package_identification:_identify(.) by extension 'ignore_ament_install'
[0.410s] Level 1:colcon.colcon_core.package_identification:_identify(.) by extensions ['colcon_pkg']
[0.410s] Level 1:colcon.colcon_core.package_identification:_identify(.) by extension 'colcon_pkg'
[0.410s] Level 1:colcon.colcon_core.package_identification:_identify(.) by extensions ['colcon_meta']
[0.410s] Level 1:colcon.colcon_core.package_identification:_identify(.) by extension 'colcon_meta'
[0.410s] Level 1:colcon.colcon_core.package_identification:_identify(.) by extensions ['ros']
[0.410s] Level 1:colcon.colcon_core.package_identification:_identify(.) by extension 'ros'
[0.438s] Level 1:colcon.colcon_core.package_identification:_identify(.) by extensions ['cmake', 'python']
[0.438s] Level 1:colcon.colcon_core.package_identification:_identify(.) by extension 'cmake'
[0.438s] Level 1:colcon.colcon_core.package_identification:_identify(.) by extension 'python'
[0.438s] Level 1:colcon.colcon_core.package_identification:_identify(.) by extensions ['python_setup_py']
[0.438s] Level 1:colcon.colcon_core.package_identification:_identify(.) by extension 'python_setup_py'
[0.438s] Level 1:colcon.colcon_core.package_identification:_identify(build) by extensions ['ignore', 'ignore_ament_install']
[0.438s] Level 1:colcon.colcon_core.package_identification:_identify(build) by extension 'ignore'
[0.439s] Level 1:colcon.colcon_core.package_identification:_identify(build) ignored
[0.439s] Level 1:colcon.colcon_core.package_identification:_identify(install) by extensions ['ignore', 'ignore_ament_install']
[0.439s] Level 1:colcon.colcon_core.package_identification:_identify(install) by extension 'ignore'
[0.439s] Level 1:colcon.colcon_core.package_identification:_identify(install) ignored
[0.439s] Level 1:colcon.colcon_core.package_identification:_identify(log) by extensions ['ignore', 'ignore_ament_install']
[0.440s] Level 1:colcon.colcon_core.package_identification:_identify(log) by extension 'ignore'
[0.440s] Level 1:colcon.colcon_core.package_identification:_identify(log) ignored
[0.440s] Level 1:colcon.colcon_core.package_identification:_identify(src) by extensions ['ignore', 'ignore_ament_install']
[0.440s] Level 1:colcon.colcon_core.package_identification:_identify(src) by extension 'ignore'
[0.440s] Level 1:colcon.colcon_core.package_identification:_identify(src) by extension 'ignore_ament_install'
[0.440s] Level 1:colcon.colcon_core.package_identification:_identify(src) by extensions ['colcon_pkg']
[0.440s] Level 1:colcon.colcon_core.package_identification:_identify(src) by extension 'colcon_pkg'
[0.441s] Level 1:colcon.colcon_core.package_identification:_identify(src) by extensions ['colcon_meta']
[0.441s] Level 1:colcon.colcon_core.package_identification:_identify(src) by extension 'colcon_meta'
[0.441s] Level 1:colcon.colcon_core.package_identification:_identify(src) by extensions ['ros']
[0.441s] Level 1:colcon.colcon_core.package_identification:_identify(src) by extension 'ros'
[0.441s] Level 1:colcon.colcon_core.package_identification:_identify(src) by extensions ['cmake', 'python']
[0.441s] Level 1:colcon.colcon_core.package_identification:_identify(src) by extension 'cmake'
[0.441s] Level 1:colcon.colcon_core.package_identification:_identify(src) by extension 'python'
[0.441s] Level 1:colcon.colcon_core.package_identification:_identify(src) by extensions ['python_setup_py']
[0.441s] Level 1:colcon.colcon_core.package_identification:_identify(src) by extension 'python_setup_py'
[0.442s] Level 1:colcon.colcon_core.package_identification:_identify(src/rgt_solution) by extensions ['ignore', 'ignore_ament_install']
[0.442s] Level 1:colcon.colcon_core.package_identification:_identify(src/rgt_solution) by extension 'ignore'
[0.442s] Level 1:colcon.colcon_core.package_identification:_identify(src/rgt_solution) by extension 'ignore_ament_install'
[0.442s] Level 1:colcon.colcon_core.package_identification:_identify(src/rgt_solution) by extensions ['colcon_pkg']
[0.442s] Level 1:colcon.colcon_core.package_identification:_identify(src/rgt_solution) by extension 'colcon_pkg'
[0.442s] Level 1:colcon.colcon_core.package_identification:_identify(src/rgt_solution) by extensions ['colcon_meta']
[0.442s] Level 1:colcon.colcon_core.package_identification:_identify(src/rgt_solution) by extension 'colcon_meta'
[0.442s] Level 1:colcon.colcon_core.package_identification:_identify(src/rgt_solution) by extensions ['ros']
[0.442s] Level 1:colcon.colcon_core.package_identification:_identify(src/rgt_solution) by extension 'ros'
[0.448s] DEBUG:colcon.colcon_core.package_identification:Package 'src/rgt_solution' with type 'ros.ament_cmake' and name 'rgt_solution'
[0.448s] Level 1:colcon.colcon_core.package_discovery:discover_packages(recursive) using defaults
[0.448s] Level 1:colcon.colcon_core.package_discovery:discover_packages(ignore) discover
[0.448s] Level 1:colcon.colcon_core.package_discovery:discover_packages(ignore) using defaults
[0.448s] Level 1:colcon.colcon_core.package_discovery:discover_packages(path) discover
[0.448s] Level 1:colcon.colcon_core.package_discovery:discover_packages(path) using defaults
[0.496s] Level 1:colcon.colcon_core.package_discovery:discover_packages(prefix_path) check parameters
[0.496s] Level 1:colcon.colcon_core.package_discovery:discover_packages(prefix_path) discover
[0.499s] DEBUG:colcon.colcon_installed_package_information.package_discovery:Found 1 installed packages in /home/seonghwi/rgt_ws/install
[0.506s] DEBUG:colcon.colcon_installed_package_information.package_discovery:Found 342 installed packages in /opt/ros/humble
[0.511s] Level 1:colcon.colcon_core.package_discovery:discover_packages(prefix_path) using defaults
[0.631s] Level 5:colcon.colcon_core.verb:set package 'rgt_solution' build argument 'cmake_args' from command line to 'None'
[0.632s] Level 5:colcon.colcon_core.verb:set package 'rgt_solution' build argument 'cmake_target' from command line to 'None'
[0.632s] Level 5:colcon.colcon_core.verb:set package 'rgt_solution' build argument 'cmake_target_skip_unavailable' from command line to 'False'
[0.632s] Level 5:colcon.colcon_core.verb:set package 'rgt_solution' build argument 'cmake_clean_cache' from command line to 'False'
[0.632s] Level 5:colcon.colcon_core.verb:set package 'rgt_solution' build argument 'cmake_clean_first' from command line to 'False'
[0.632s] Level 5:colcon.colcon_core.verb:set package 'rgt_solution' build argument 'cmake_force_configure' from command line to 'False'
[0.632s] Level 5:colcon.colcon_core.verb:set package 'rgt_solution' build argument 'ament_cmake_args' from command line to 'None'
[0.632s] Level 5:colcon.colcon_core.verb:set package 'rgt_solution' build argument 'catkin_cmake_args' from command line to 'None'
[0.632s] Level 5:colcon.colcon_core.verb:set package 'rgt_solution' build argument 'catkin_skip_building_tests' from command line to 'False'
[0.632s] DEBUG:colcon.colcon_core.verb:Building package 'rgt_solution' with the following arguments: {'ament_cmake_args': None, 'build_base': '/home/seonghwi/rgt_ws/build/rgt_solution', 'catkin_cmake_args': None, 'catkin_skip_building_tests': False, 'cmake_args': None, 'cmake_clean_cache': False, 'cmake_clean_first': False, 'cmake_force_configure': False, 'cmake_target': None, 'cmake_target_skip_unavailable': False, 'install_base': '/home/seonghwi/rgt_ws/install/rgt_solution', 'merge_install': False, 'path': '/home/seonghwi/rgt_ws/src/rgt_solution', 'symlink_install': False, 'test_result_base': None}
[0.632s] INFO:colcon.colcon_core.executor:Executing jobs using 'parallel' executor
[0.636s] DEBUG:colcon.colcon_parallel_executor.executor.parallel:run_until_complete
[0.636s] INFO:colcon.colcon_ros.task.ament_cmake.build:Building ROS package in '/home/seonghwi/rgt_ws/src/rgt_solution' with build type 'ament_cmake'
[0.636s] INFO:colcon.colcon_cmake.task.cmake.build:Building CMake package in '/home/seonghwi/rgt_ws/src/rgt_solution'
[0.640s] INFO:colcon.colcon_core.plugin_system:Skipping extension 'colcon_core.shell.bat': Not used on non-Windows systems
[0.641s] INFO:colcon.colcon_core.shell:Skip shell extension 'powershell' for command environment: Not usable outside of PowerShell
[0.641s] DEBUG:colcon.colcon_core.shell:Skip shell extension 'dsv' for command environment
[0.658s] DEBUG:colcon.colcon_core.event_handler.log_command:Invoking command in '/home/seonghwi/rgt_ws/build/rgt_solution': CMAKE_PREFIX_PATH=${CMAKE_PREFIX_PATH}:/opt/ros/humble /home/seonghwi/.local/bin/cmake --build /home/seonghwi/rgt_ws/build/rgt_solution -- -j8 -l8
[11.242s] DEBUG:colcon.colcon_core.event_handler.log_command:Invoked command in '/home/seonghwi/rgt_ws/build/rgt_solution' returned '2': CMAKE_PREFIX_PATH=${CMAKE_PREFIX_PATH}:/opt/ros/humble /home/seonghwi/.local/bin/cmake --build /home/seonghwi/rgt_ws/build/rgt_solution -- -j8 -l8
[11.243s] Level 1:colcon.colcon_core.environment:create_environment_scripts_only(rgt_solution)
[11.246s] Level 1:colcon.colcon_core.environment:checking '/home/seonghwi/rgt_ws/install/rgt_solution' for CMake module files
[11.247s] Level 1:colcon.colcon_core.environment:checking '/home/seonghwi/rgt_ws/install/rgt_solution' for CMake config files
[11.248s] Level 1:colcon.colcon_core.shell:create_environment_hook('rgt_solution', 'cmake_prefix_path')
[11.248s] INFO:colcon.colcon_core.shell:Creating environment hook '/home/seonghwi/rgt_ws/install/rgt_solution/share/rgt_solution/hook/cmake_prefix_path.ps1'
[11.249s] INFO:colcon.colcon_core.shell:Creating environment descriptor '/home/seonghwi/rgt_ws/install/rgt_solution/share/rgt_solution/hook/cmake_prefix_path.dsv'
[11.250s] INFO:colcon.colcon_core.shell:Creating environment hook '/home/seonghwi/rgt_ws/install/rgt_solution/share/rgt_solution/hook/cmake_prefix_path.sh'
[11.251s] Level 1:colcon.colcon_core.environment:checking '/home/seonghwi/rgt_ws/install/rgt_solution/lib'
[11.251s] Level 1:colcon.colcon_core.environment:checking '/home/seonghwi/rgt_ws/install/rgt_solution/bin'
[11.251s] Level 1:colcon.colcon_core.environment:checking '/home/seonghwi/rgt_ws/install/rgt_solution/lib/pkgconfig/rgt_solution.pc'
[11.252s] Level 1:colcon.colcon_core.environment:checking '/home/seonghwi/rgt_ws/install/rgt_solution/lib/python3.10/site-packages'
[11.252s] Level 1:colcon.colcon_core.environment:checking '/home/seonghwi/rgt_ws/install/rgt_solution/bin'
[11.252s] INFO:colcon.colcon_core.shell:Creating package script '/home/seonghwi/rgt_ws/install/rgt_solution/share/rgt_solution/package.ps1'
[11.254s] INFO:colcon.colcon_core.shell:Creating package descriptor '/home/seonghwi/rgt_ws/install/rgt_solution/share/rgt_solution/package.dsv'
[11.256s] INFO:colcon.colcon_core.shell:Creating package script '/home/seonghwi/rgt_ws/install/rgt_solution/share/rgt_solution/package.sh'
[11.257s] INFO:colcon.colcon_core.shell:Creating package script '/home/seonghwi/rgt_ws/install/rgt_solution/share/rgt_solution/package.bash'
[11.258s] INFO:colcon.colcon_core.shell:Creating package script '/home/seonghwi/rgt_ws/install/rgt_solution/share/rgt_solution/package.zsh'
[11.259s] Level 1:colcon.colcon_core.environment:create_file_with_runtime_dependencies(/home/seonghwi/rgt_ws/install/rgt_solution/share/colcon-core/packages/rgt_solution)
[11.269s] DEBUG:colcon.colcon_parallel_executor.executor.parallel:closing loop
[11.269s] DEBUG:colcon.colcon_parallel_executor.executor.parallel:loop closed
[11.269s] DEBUG:colcon.colcon_parallel_executor.executor.parallel:run_until_complete finished with '2'
[11.270s] DEBUG:colcon.colcon_core.event_reactor:joining thread
[11.277s] INFO:colcon.colcon_core.plugin_system:Skipping extension 'colcon_notification.desktop_notification.terminal_notifier': Not used on non-Darwin systems
[11.278s] INFO:colcon.colcon_core.plugin_system:Skipping extension 'colcon_notification.desktop_notification.win32': Not used on non-Windows systems
[11.278s] INFO:colcon.colcon_notification.desktop_notification:Sending desktop notification using 'notify2'
[11.296s] DEBUG:colcon.colcon_core.event_reactor:joined thread
[11.296s] INFO:colcon.colcon_core.shell:Creating prefix script '/home/seonghwi/rgt_ws/install/local_setup.ps1'
[11.297s] INFO:colcon.colcon_core.shell:Creating prefix util module '/home/seonghwi/rgt_ws/install/_local_setup_util_ps1.py'
[11.299s] INFO:colcon.colcon_core.shell:Creating prefix chain script '/home/seonghwi/rgt_ws/install/setup.ps1'
[11.300s] INFO:colcon.colcon_core.shell:Creating prefix script '/home/seonghwi/rgt_ws/install/local_setup.sh'
[11.301s] INFO:colcon.colcon_core.shell:Creating prefix util module '/home/seonghwi/rgt_ws/install/_local_setup_util_sh.py'
[11.302s] INFO:colcon.colcon_core.shell:Creating prefix chain script '/home/seonghwi/rgt_ws/install/setup.sh'
[11.304s] INFO:colcon.colcon_core.shell:Creating prefix script '/home/seonghwi/rgt_ws/install/local_setup.bash'
[11.305s] INFO:colcon.colcon_core.shell:Creating prefix chain script '/home/seonghwi/rgt_ws/install/setup.bash'
[11.307s] INFO:colcon.colcon_core.shell:Creating prefix script '/home/seonghwi/rgt_ws/install/local_setup.zsh'
[11.308s] INFO:colcon.colcon_core.shell:Creating prefix chain script '/home/seonghwi/rgt_ws/install/setup.zsh'
