[0.011s] Invoking command in '/home/seonghwi/rgt_ws/build/rgt_solution': CMAKE_PREFIX_PATH=/opt/ros/humble /home/seonghwi/.local/bin/cmake /home/seonghwi/rgt_ws/src/rgt_solution -DCMAKE_INSTALL_PREFIX=/home/seonghwi/rgt_ws/install/rgt_solution
[0.097s] -- Found ament_cmake: 1.3.12 (/opt/ros/humble/share/ament_cmake/cmake)
[0.315s] -- Found rclcpp: 16.0.14 (/opt/ros/humble/share/rclcpp/cmake)
[0.355s] -- Found rosidl_generator_c: 3.1.7 (/opt/ros/humble/share/rosidl_generator_c/cmake)
[0.358s] -- Found rosidl_adapter: 3.1.7 (/opt/ros/humble/share/rosidl_adapter/cmake)
[0.365s] -- Found rosidl_generator_cpp: 3.1.7 (/opt/ros/humble/share/rosidl_generator_cpp/cmake)
[0.377s] -- Using all available rosidl_typesupport_c: rosidl_typesupport_fastrtps_c;rosidl_typesupport_introspection_c
[0.394s] -- Using all available rosidl_typesupport_cpp: rosidl_typesupport_fastrtps_cpp;rosidl_typesupport_introspection_cpp
[0.440s] -- Found rmw_implementation_cmake: 6.1.2 (/opt/ros/humble/share/rmw_implementation_cmake/cmake)
[0.442s] -- Found rmw_fastrtps_cpp: 6.2.8 (/opt/ros/humble/share/rmw_fastrtps_cpp/cmake)
[0.579s] -- Using RMW implementation 'rmw_fastrtps_cpp' as default
[0.657s] -- Found sensor_msgs: 4.9.0 (/opt/ros/humble/share/sensor_msgs/cmake)
[0.714s] -- Found ament_lint_auto: 0.12.14 (/opt/ros/humble/share/ament_lint_auto/cmake)
[0.799s] -- Added test 'cppcheck' to perform static code analysis on C / C++ code
[0.800s] -- Configured cppcheck include dirs: /home/seonghwi/rgt_ws/src/rgt_solution/include;/home/seonghwi/rgt_ws/src/rgt_solution/rgt_solution/include/CircularBuffer;/home/seonghwi/rgt_ws/src/rgt_solution/rgt_solution/include/ParallelProcessor
[0.800s] -- Configured cppcheck exclude dirs and/or files: 
[0.801s] -- Added test 'lint_cmake' to check CMake code style
[0.803s] -- Added test 'uncrustify' to check C / C++ code style
[0.803s] -- Configured uncrustify additional arguments: 
[0.804s] -- Added test 'xmllint' to check XML markup files
[0.806s] -- Configuring done (0.7s)
[0.811s] [31mCMake Error at CMakeLists.txt:35 (add_executable):
[0.811s]   No SOURCES given to target: main_2
[0.811s] 
[0.811s] [0m
[0.811s] [31mCMake Error at CMakeLists.txt:32 (add_executable):
[0.811s]   No SOURCES given to target: main_3
[0.811s] 
[0.812s] [0m
[0.812s] [0mCMake Generate step failed.  Build files cannot be regenerated correctly.[0m
[0.821s] Invoked command in '/home/seonghwi/rgt_ws/build/rgt_solution' returned '1': CMAKE_PREFIX_PATH=/opt/ros/humble /home/seonghwi/.local/bin/cmake /home/seonghwi/rgt_ws/src/rgt_solution -DCMAKE_INSTALL_PREFIX=/home/seonghwi/rgt_ws/install/rgt_solution
