[0.010s] Invoking command in '/home/seonghwi/rgt_ws/build/rgt_solution': CMAKE_PREFIX_PATH=/opt/ros/humble /home/seonghwi/.local/bin/cmake /home/seonghwi/rgt_ws/src/rgt_solution -DCMAKE_INSTALL_PREFIX=/home/seonghwi/rgt_ws/install/rgt_solution
[0.098s] -- Found ament_cmake: 1.3.12 (/opt/ros/humble/share/ament_cmake/cmake)
[0.319s] -- Found rclcpp: 16.0.14 (/opt/ros/humble/share/rclcpp/cmake)
[0.369s] -- Found rosidl_generator_c: 3.1.7 (/opt/ros/humble/share/rosidl_generator_c/cmake)
[0.372s] -- Found rosidl_adapter: 3.1.7 (/opt/ros/humble/share/rosidl_adapter/cmake)
[0.382s] -- Found rosidl_generator_cpp: 3.1.7 (/opt/ros/humble/share/rosidl_generator_cpp/cmake)
[0.396s] -- Using all available rosidl_typesupport_c: rosidl_typesupport_fastrtps_c;rosidl_typesupport_introspection_c
[0.415s] -- Using all available rosidl_typesupport_cpp: rosidl_typesupport_fastrtps_cpp;rosidl_typesupport_introspection_cpp
[0.467s] -- Found rmw_implementation_cmake: 6.1.2 (/opt/ros/humble/share/rmw_implementation_cmake/cmake)
[0.469s] -- Found rmw_fastrtps_cpp: 6.2.8 (/opt/ros/humble/share/rmw_fastrtps_cpp/cmake)
[0.606s] -- Using RMW implementation 'rmw_fastrtps_cpp' as default
[0.685s] -- Found sensor_msgs: 4.9.0 (/opt/ros/humble/share/sensor_msgs/cmake)
[0.736s] -- Found ament_lint_auto: 0.12.14 (/opt/ros/humble/share/ament_lint_auto/cmake)
[0.803s] -- Added test 'cppcheck' to perform static code analysis on C / C++ code
[0.803s] -- Configured cppcheck include dirs: /home/seonghwi/rgt_ws/src/rgt_solution/include;/home/seonghwi/rgt_ws/src/rgt_solution/rgt_solution/include/CircularBuffer;/home/seonghwi/rgt_ws/src/rgt_solution/rgt_solution/include/ParallelProcessor
[0.804s] -- Configured cppcheck exclude dirs and/or files: 
[0.804s] -- Added test 'lint_cmake' to check CMake code style
[0.805s] -- Added test 'uncrustify' to check C / C++ code style
[0.806s] -- Configured uncrustify additional arguments: 
[0.806s] -- Added test 'xmllint' to check XML markup files
[0.807s] -- Configuring done (0.7s)
[0.824s] -- Generating done (0.0s)
[0.828s] -- Build files have been written to: /home/seonghwi/rgt_ws/build/rgt_solution
[0.837s] Invoked command in '/home/seonghwi/rgt_ws/build/rgt_solution' returned '0': CMAKE_PREFIX_PATH=/opt/ros/humble /home/seonghwi/.local/bin/cmake /home/seonghwi/rgt_ws/src/rgt_solution -DCMAKE_INSTALL_PREFIX=/home/seonghwi/rgt_ws/install/rgt_solution
[0.839s] Invoking command in '/home/seonghwi/rgt_ws/build/rgt_solution': CMAKE_PREFIX_PATH=/opt/ros/humble /home/seonghwi/.local/bin/cmake --build /home/seonghwi/rgt_ws/build/rgt_solution -- -j8 -l8
[0.941s] [ 50%] [32mBuilding CXX object CMakeFiles/main_2.dir/src/main_2.cpp.o[0m
[0.941s] [ 50%] [32mBuilding CXX object CMakeFiles/main_3.dir/src/main_3.cpp.o[0m
[10.608s] [ 75%] [1m[32mLinking CXX executable main_2[0m
[10.971s] [100%] [1m[32mLinking CXX executable main_3[0m
[11.108s] [100%] [0mBuilt target main_2[0m
[11.468s] [100%] [0mBuilt target main_3[0m
[11.476s] Invoked command in '/home/seonghwi/rgt_ws/build/rgt_solution' returned '0': CMAKE_PREFIX_PATH=/opt/ros/humble /home/seonghwi/.local/bin/cmake --build /home/seonghwi/rgt_ws/build/rgt_solution -- -j8 -l8
[11.577s] Invoking command in '/home/seonghwi/rgt_ws/build/rgt_solution': CMAKE_PREFIX_PATH=/opt/ros/humble /home/seonghwi/.local/bin/cmake --install /home/seonghwi/rgt_ws/build/rgt_solution
[11.674s] -- Install configuration: ""
[11.674s] -- Installing: /home/seonghwi/rgt_ws/install/rgt_solution/lib/rgt_solution/main_2
[11.678s] -- Set non-toolchain portion of runtime path of "/home/seonghwi/rgt_ws/install/rgt_solution/lib/rgt_solution/main_2" to ""
[11.678s] -- Installing: /home/seonghwi/rgt_ws/install/rgt_solution/lib/rgt_solution/main_3
[11.682s] -- Set non-toolchain portion of runtime path of "/home/seonghwi/rgt_ws/install/rgt_solution/lib/rgt_solution/main_3" to ""
[11.682s] -- Installing: /home/seonghwi/rgt_ws/install/rgt_solution/share/ament_index/resource_index/package_run_dependencies/rgt_solution
[11.682s] -- Installing: /home/seonghwi/rgt_ws/install/rgt_solution/share/ament_index/resource_index/parent_prefix_path/rgt_solution
[11.682s] -- Installing: /home/seonghwi/rgt_ws/install/rgt_solution/share/rgt_solution/environment/ament_prefix_path.sh
[11.683s] -- Installing: /home/seonghwi/rgt_ws/install/rgt_solution/share/rgt_solution/environment/ament_prefix_path.dsv
[11.683s] -- Installing: /home/seonghwi/rgt_ws/install/rgt_solution/share/rgt_solution/environment/path.sh
[11.683s] -- Installing: /home/seonghwi/rgt_ws/install/rgt_solution/share/rgt_solution/environment/path.dsv
[11.683s] -- Installing: /home/seonghwi/rgt_ws/install/rgt_solution/share/rgt_solution/local_setup.bash
[11.683s] -- Installing: /home/seonghwi/rgt_ws/install/rgt_solution/share/rgt_solution/local_setup.sh
[11.683s] -- Installing: /home/seonghwi/rgt_ws/install/rgt_solution/share/rgt_solution/local_setup.zsh
[11.684s] -- Installing: /home/seonghwi/rgt_ws/install/rgt_solution/share/rgt_solution/local_setup.dsv
[11.684s] -- Installing: /home/seonghwi/rgt_ws/install/rgt_solution/share/rgt_solution/package.dsv
[11.684s] -- Installing: /home/seonghwi/rgt_ws/install/rgt_solution/share/ament_index/resource_index/packages/rgt_solution
[11.684s] -- Installing: /home/seonghwi/rgt_ws/install/rgt_solution/share/rgt_solution/cmake/rgt_solutionConfig.cmake
[11.684s] -- Installing: /home/seonghwi/rgt_ws/install/rgt_solution/share/rgt_solution/cmake/rgt_solutionConfig-version.cmake
[11.684s] -- Installing: /home/seonghwi/rgt_ws/install/rgt_solution/share/rgt_solution/package.xml
[11.686s] Invoked command in '/home/seonghwi/rgt_ws/build/rgt_solution' returned '0': CMAKE_PREFIX_PATH=/opt/ros/humble /home/seonghwi/.local/bin/cmake --install /home/seonghwi/rgt_ws/build/rgt_solution
